8
3
9
70604919
39400052
23334433
20369258
9981871
23425628
96551870
5691227
37611694
72516771
23499696
80147777
60087592
82285211
50622006
2007405
61969474
60830055
70562906
13583148
94621209
84485860
16657179
90166569
92571523
23875818
60216184
9348594
7355119
87962267
35999070
76782704
45778043
4758567
3357762
68582289
38288181
58969678
20150927
70714549
11696233
54869320
97788039
91161138
36100495
87815230
26564195
2681543
62346740
92787362
83999393
93218353
98506415
16910237
52802998
285290
10621223
58874161
39523422
83586688
50217333
76075131
29061570
82417285
34569217
44683382
11943033
16408313
59878870
99784582
64055060
19904022
16397111
53337130
48722923
80962430
57908144
94829485
34338107
71386623
25727657
27995147
51174263
34317886
24056475
18428057
84437887
88238767
70223576
76218731
87326590
31851034
11940613
2925699
59001796
75876109
40729611
35549395
99391719
65151387
