4
0
17
16
18
21
41
8
0
232043
17807383
3691968
8069183
12206807
3834584
7301584
22219516
851707
16570307
3104156
23128527
5042071
4656950
13789374
10678824
1614730
3256000
19403538
11727059
7869617
4064986
2699699
13630635
8979484
2502147
888709
10982236
10032397
20044419
18866365
9607194
7418059
12215277
7507837
6214884
17876306
8200132
6153908
12155274
9752906
10741359
11430349
21513249
15282834
14412732
22737822
12774268
12497718
16745801
14243496
14316994
18364991
19266429
20715430
10882938
11931063
5137882
3798073
16845431
21094797
7616154
11937985
177977
16645559
3794330
3634004
17358639
18513123
21524857
10548489
7327881
2931964
10590164
17581601
10388727
11107056
2267613
14763553
6664518
12547937
9738477
16424700
7275963
17919116
17346018
17395364
490314
3102863
17315358
