5148
900
2099
4110
7061
867
2551
825
7826
2099
2376
4159
927
4898
8406
6721
1813
4630
4679
3660
18616
1741
3378
30857
28829
18945
29200
32553
7591
787
20681
5192
33888
33940
3362
32637
30413
45219
9566
34782
411
3232
5178
4090
4180
1411
2453
4831
2245
3047
3758
3827
3499
779
1606
1809
1012
1234
1946
58
1537
2343
1120
1682
461
1192
1640
1228
614
512
163
2637
2260
285
900
900
3
986
1194
1957
17595
38613
48872
36649
30544
23319
49670
37718
14375
19807
17905
38940
20154
10971
11746
16292
19244
30695
20674
37251
