1 2 3 
1 3 2 4 
9 16 15 14 4 2 7 1 3 8 20 6 19 18 17 10 11 12 13 5 
11 10 1 4 18 9 6 2 20 3 7 8 19 5 17 16 15 14 13 12 
9 15 11 19 18 1 20 12 4 2 3 8 7 6 5 10 16 17 14 13 
14 13 12 6 5 18 9 17 2 10 15 16 8 7 4 3 19 20 1 11 
8 5 6 2 14 7 12 13 1 20 19 3 15 16 17 4 18 11 10 9 
11 13 5 6 15 14 7 3 2 1 20 19 18 17 16 4 9 8 10 12 
4 3 16 14 15 13 6 7 18 5 17 2 9 10 1 8 12 11 20 19 
18 14 17 4 5 6 2 8 3 7 1 20 19 9 10 11 12 13 16 15 
16 10 11 3 5 8 7 2 1 20 19 6 9 4 18 17 12 13 14 15 
11 12 13 5 14 7 6 8 2 1 20 19 9 10 17 16 15 18 4 3 
90 85 92 94 103 98 88 96 102 100 99 87 80 91 81 82 83 84 86 79 78 77 44 43 45 53 46 52 49 33 51 48 47 54 55 56 32 150 147 146 2 9 10 145 144 143 142 8 11 12 5 141 6 7 140 17 139 138 18 13 15 14 16 137 136 3 1 20 22 23 24 25 134 131 130 132 27 21 19 4 129 135 26 133 128 127 39 38 37 40 41 35 29 125 126 123 122 148 50 31 57 58 112 119 59 60 61 111 110 113 120 118 117 116 109 114 70 63 62 115 108 107 106 105 30 34 69 121 36 68 67 66 65 64 72 71 73 74 75 76 42 28 149 124 104 93 95 89 97 101 
41 63 62 34 32 33 31 64 65 55 71 72 73 60 61 35 30 27 37 43 44 45 46 23 21 22 26 29 14 13 24 20 15 88 89 25 17 19 16 18 86 90 92 104 95 101 102 99 11 115 121 123 125 126 127 113 112 114 111 110 129 128 131 120 130 109 108 107 132 133 134 143 142 148 147 7 5 139 138 137 136 135 145 144 146 6 4 3 2 8 141 149 140 1 150 9 96 97 98 106 10 105 100 94 117 116 124 122 12 93 118 119 103 91 85 84 83 49 82 81 80 79 78 77 76 36 28 87 47 48 50 75 70 69 52 53 74 51 68 56 42 54 67 66 57 58 59 40 39 38 
74 39 77 98 68 67 73 76 71 70 69 101 72 75 66 65 64 87 82 78 79 61 80 63 62 81 100 99 60 86 83 59 25 119 33 36 90 91 92 93 94 95 96 97 27 117 56 55 49 106 48 102 54 53 52 51 50 103 104 41 47 46 45 105 40 44 43 42 107 109 108 110 111 38 34 26 116 115 112 113 114 128 122 132 32 31 30 29 139 138 148 147 28 120 121 129 123 127 126 124 19 18 17 3 4 5 133 140 141 130 131 6 16 15 14 149 8 134 13 12 135 136 137 11 144 146 1 145 142 143 10 9 7 2 150 24 21 22 23 88 84 85 89 37 35 118 57 58 20 125 
87 89 88 83 85 84 86 90 91 92 93 95 94 96 114 82 81 80 67 75 76 77 115 121 97 66 71 68 69 70 74 73 98 72 99 107 101 106 108 63 62 61 60 100 59 58 57 105 102 103 104 56 55 112 111 125 122 109 110 54 53 49 47 48 132 135 136 33 32 28 29 30 31 22 23 39 38 133 134 37 36 35 34 137 138 139 140 141 144 145 8 6 4 1 150 149 19 142 18 17 143 16 15 14 13 12 11 10 148 146 147 9 2 5 7 3 27 25 24 21 26 20 40 45 51 129 131 130 46 52 44 43 42 128 50 41 127 126 124 123 113 120 117 118 78 79 65 64 116 119 
67 65 73 91 147 75 17 87 86 85 81 82 89 88 18 101 96 106 105 103 112 115 97 100 98 99 116 117 118 121 119 120 122 123 21 20 19 124 22 23 24 102 111 110 109 108 107 104 113 25 16 26 27 8 1 140 144 143 142 145 146 141 139 138 137 136 32 31 30 29 37 38 131 130 129 33 12 39 40 41 133 134 127 128 135 126 125 148 149 150 6 10 15 14 13 34 35 36 28 5 132 44 45 46 42 4 2 43 47 9 114 95 50 7 94 93 92 3 11 49 48 51 52 53 54 55 56 57 58 80 84 59 60 78 77 83 79 61 74 76 62 63 72 71 90 64 70 69 68 66 
65 68 73 59 58 57 86 66 72 76 71 63 62 61 60 67 69 70 75 56 55 82 133 127 49 74 77 54 53 52 51 88 84 87 78 79 80 45 48 47 46 81 90 85 44 43 42 41 40 39 89 83 38 99 37 131 130 91 92 93 94 97 96 95 98 141 103 104 125 138 144 134 129 128 140 143 100 135 36 109 110 111 27 145 23 29 30 31 124 105 106 107 108 35 34 33 32 132 28 117 112 113 114 115 116 26 25 24 22 139 142 118 119 149 2 21 18 19 17 20 16 146 147 10 11 7 15 14 13 12 6 3 8 5 150 1 4 9 148 120 121 122 123 126 137 136 101 102 50 64 
55 56 57 82 81 66 67 65 48 80 68 60 63 83 84 88 89 147 148 7 95 108 92 107 106 103 102 101 97 98 99 104 45 44 85 86 87 43 42 10 149 6 90 41 38 122 32 35 34 39 40 33 36 37 110 139 121 120 112 111 5 8 31 30 119 118 113 114 115 116 117 29 28 27 138 18 136 3 123 140 126 25 127 125 24 141 22 128 129 130 21 20 19 137 133 131 132 17 150 142 134 135 16 15 14 13 145 12 2 146 9 4 1 143 144 11 91 93 100 96 26 23 124 109 94 105 46 47 79 78 77 75 72 73 70 64 49 50 76 51 71 74 52 53 62 54 59 61 69 58 
89 93 94 87 77 82 81 80 85 88 67 79 84 66 113 116 110 109 136 122 138 45 29 28 139 27 36 13 23 24 25 12 9 11 3 4 8 7 10 5 6 2 1 150 17 16 15 18 19 20 149 148 147 146 145 144 30 31 32 33 143 14 21 142 141 22 26 37 130 129 128 127 134 38 135 131 132 133 126 125 124 42 43 44 137 123 40 39 41 121 120 119 118 50 51 46 48 47 49 117 52 53 55 54 56 57 58 59 60 61 108 107 106 105 104 103 102 111 35 115 114 34 140 62 63 64 65 97 112 96 100 99 101 98 95 75 76 74 73 72 69 71 70 68 86 83 78 92 91 90 
53 74 80 76 77 78 82 79 75 81 83 84 85 90 91 92 93 89 87 73 72 71 86 94 88 70 69 63 60 67 62 61 49 95 96 98 97 99 59 58 54 50 100 101 102 103 104 105 106 107 108 109 110 52 56 48 111 120 147 2 37 124 122 123 126 4 21 132 43 42 112 113 41 40 39 119 118 117 116 6 36 8 7 141 13 15 127 129 130 23 34 24 27 28 138 137 134 128 135 131 22 136 133 35 32 33 26 25 31 30 29 139 140 3 150 1 5 146 17 145 20 19 18 142 143 144 16 12 11 10 9 149 14 115 125 121 114 38 148 44 45 46 47 55 51 68 64 65 66 57 
50 55 51 53 43 85 68 66 62 48 47 46 45 54 44 39 56 57 58 65 61 67 36 35 63 64 59 60 33 32 31 30 29 91 26 105 28 92 132 107 25 24 23 22 124 123 113 114 115 13 118 117 116 130 129 17 15 14 16 119 127 128 126 131 12 5 2 150 144 143 142 11 148 147 146 145 138 139 140 141 10 9 8 7 4 6 3 149 1 137 136 135 120 134 21 20 19 18 109 111 121 133 110 122 112 108 125 93 94 99 98 97 96 95 100 101 102 103 106 89 27 90 104 88 87 80 77 78 81 86 69 70 71 72 73 84 79 83 76 74 75 82 38 41 42 37 34 49 52 40 
