746423366
622823975
352
758959240
374305492
639644282
573026827
13101172
85626211
352
329933093
370948603
4
347580677
100583481
223347405
1888
329933093
448
61271457
415316962
546216293
465898548
464412105
456243388
20889954
339719350
971758543
481350679
742720
622060809
535988201
812076251
256
432347842
157239021
693363721
101669546
989497823
497395592
3244
311848651
4
405166860
670312211
505470495
126510759
448
700201378
244593316
608531099
407543963
584957429
565610709
635098647
924941249
750391601
234028167
670208156
514661263
557900004
996079386
167320548
439432
971758543
634292653
921473354
667585569
323121757
379807708
181690420
221000104
687692420
44958376
108028
11955076
406320237
308686909
966496645
592
775147060
36911669
86103412
721856046
730414747
167553226
4
1312
13131760
492864834
495871663
94324
884962846
631455145
5326192
900472458
832
598053303
787017869
4
574419349
55573968
428362953
83408700
176668
379807708
453394218
217974049
950226609
944504951
693363721
187863891
27088129
429106580
324010577
631455145
583024638
453394218
63860498
801284051
509212
109756
543319794
43013286
827570634
300988
979729970
218238275
628739690
374523755
691083866
22315000
617105897
506893397
637511457
787017869
62436448
672009661
2908
375645664
100
697105132
637115743
79436992
86398204
307341314
219901488
467565556
717959232
288467013
173975450
45059936
981406374
757013976
44564113
515865756
654558557
701198188
543582580
74191863
30227303
767495901
317733530
279610955
588157132
94778621
135906918
64
264810077
192412
1888
548120271
409621457
612528279
9743320
869522547
427617934
221000104
981358624
817996875
709997274
726739150
487524706
94324
721856046
639644282
810807032
731375334
243676
867210287
308712052
4416652
216786735
347580677
465903591
44564113
918809736
543319794
4957348
895083301
93899763
577876
812076251
528804302
966496645
709997274
563562220
812076251
969557668
88481290
357430618
976431464
826384204
432240108
816825903
4
1408
128527173
708247530
705395247
215669916
889696274
109756
4
3288352
788514076
395721807
157163997
737261790
100583481
56188
175883236
608531099
241623700
540179699
559814496
658929485
989324209
370948603
177941942
646014949
49096416
4
223046963
637115743
746438838
7859764
813553813
332017946
5800
376
548120271
1054120
113520297
21842968
512672958
2213236
776004047
497395592
997520628
184
232466425
470182332
143100151
19999984
389565178
1216
97914070
964260495
788514076
131665372
421371375
924124772
918174285
495871663
54974315
657467203
654701310
13131760
199651275
210310066
352158372
682303306
418986269
756059378
643479668
255524225
389486448
910769222
187696805
385897639
423661893
712470019
605371390
743209009
561753155
495163355
731048791
427287457
864244856
633626614
811799092
551274433
618442684
760
800323276
286756990
878124300
30227303
518747111
686256295
8188
821307747
88
4350040
4
247389986
65030865
569874421
310230949
86398204
71579291
1441408
509507969
321436
49091320
538530881
498988564
329933093
322235572
828800787
108028
707366371
821307747
184490530
776004047
280
350529754
352
964578437
112
303120966
736405542
559420417
505470495
4054144
135552756
746438838
666518806
868502936
366637229
813611733
924124772
921473354
210310066
971758543
519101227
421371375
3839912
799921050
90880155
237784053
192412
354519372
999307180
616079642
4
140160848
721633817
660505849
898127321
687610742
369451209
385897639
3839912
811207982
850001745
93899763
200983422
157564970
358356796
337956347
20183020
735495294
323717074
813129438
244593316
451715211
51132419
79436992
256
24004
670208156
756113208
982615787
894746641
139553412
30743080
996940666
1024
897506180
968032996
232528
18609376
850895875
631455145
290250230
140160848
557900004
898127321
947489713
960995381
69016
963141192
343716028
218238275
493365343
326525188
900472458
804279694
494067169
415316962
966496645
495163355
208
642428475
22835612
428253125
720393045
657970346
24925864
604344181
709997274
721856046
562428956
4
642043240
934755474
910423896
2829364
47945776
157239021
22835612
136822799
62250476
184899117
822738780
720097070
511122228
528238712
989497823
490229109
1552
189692242
232
337863642
4
117880
8850688
28
598053303
1441408
4
994544404
189440133
456217828
61271457
50523128
765252872
173975450
198714807
515865756
677132034
576693424
568909961
151337680
456631225
981608393
256
666202598
378498364
275803914
503665435
975021452
269950049
604344181
350063183
451715211
633262622
90322887
633813978
10850872
834079758
114397397
11799487
1054120
93039871
12911607
264700134
511006061
554795012
416589624
329933093
526207270
687228183
731211632
50523128
982316449
885523995
590492294
4
225916
657633282
644880571
707366371
758959240
339719350
36790984
252938143
681087366
558825300
616227523
692897488
252831681
60100662
669774385
508328432
103360
324010577
885523995
140446603
650844812
436
285766566
441425656
523741458
147196
936559652
738124735
905083821
953212734
98768643
49096416
4
18609376
983640091
44564113
470182332
223347405
456631225
353975849
4
281212
969879313
291043483
614601800
624006588
466060018
503391810
383424824
775147060
243846015
280458468
556776957
503665435
160900302
8933800
174112718
407543963
1712176
968032996
800796799
157034563
392424967
514065870
97156
315895401
972090452
947489713
520411549
658670417
546477574
873823714
338888907
426282949
532302420
221000104
275569120
655144500
165048577
22315000
952777198
834079758
138993677
938032339
304
681087366
216786735
747117919
736393502
452182323
123804257
477021158
211240
584957429
4957348
889597560
731211632
606300557
136
116344
546216293
4
935586850
856301854
678474719
218238275
700201378
465903591
442209155
165048577
4
33976
327747411
154567913
296043318
90590022
328
339492126
897042826
304989470
496
4
583024638
126510759
666518806
412
298912118
383051889
69447323
999307180
560120092
905083821
249391217
54436
605371390
737365601
623628946
776004047
148959496
49096416
56188
471416641
75501514
299049648
8850688
944884049
578882066
16156
428362953
519617109
90590022
112473460
889696274
4
538111241
982615787
910267393
40
996940666
58974709
806607058
54974315
379833287
737261790
638408770
720393045
233483615
159460
350063183
221000104
390496351
701395657
187696805
4
392182851
117880
637934335
4
443942199
49960
760
729611933
304
62991604
311848651
459053549
298230117
554795012
983640091
471416641
923444676
27755062
638408770
561058499
244
885801388
448
1840
801284051
416589624
3244
255871756
6489797
802396721
74260
3288352
136822799
880
893726727
453394218
157163997
611124191
400
50523128
802396721
424337586
358356796
386683205
92865634
532302420
548120271
538111241
4
616330027
33148
30743080
895083301
187863891
868988289
833544869
453394218
635200223
890351664
396688486
974690008
277264
108898443
687692420
560120092
929261802
134395363
4
562375732
381308992
216881294
865161853
340
76524120
472692063
8850688
442209155
154561341
726739150
319561124
132958326
576788487
918386331
603628463
63964
910267393
341124367
900472458
916864087
58974709
219901488
921473354
422834936
20183020
61009089
10194640
481119253
621923981
234028167
346697409
461888962
4
928
663139564
272703388
27136
24322660
701198188
160900302
36911669
464412105
721633817
493365343
616652988
892415808
85090772
654701310
3839912
112
637115743
576693424
7808534
2989096
314600923
414859057
633147035
22835612
928
609740766
526207270
999307180
339026769
123124
409948
3839912
994544404
459053549
912397344
9743320
69016
157034563
860492704
571232174
800323276
868988289
623628946
777619961
76
308712052
19803088
865161853
498988564
329933093
508555045
969879313
605371390
684453611
584957429
4
2378104
49960
11799487
756113208
889685446
737261790
811468740
409621457
402765402
430865155
59324342
4
312062720
908241060
95859652
867210287
1712176
396688486
784
172239847
429414808
1792
757013976
432735276
644089276
963141192
738306583
194713404
4
4
61009089
633262622
359735377
461140053
518796567
241623700
563562220
563562220
5430520
456217828
311848651
656117119
346697409
235798902
4456
187542246
723893682
2989096
736405542
350063183
264814420
623628946
920851648
802396721
800796799
375221297
546803092
336947237
781842798
498325449
73665966
224906409
126510759
952124612
81065138
880110901
304
894194193
20889954
264810077
249391217
36790984
240213704
964260495
352
41584
152055554
19999984
104521217
705395247
167320548
994544404
672009661
95859652
93039871
894746641
811799092
364348
924539174
487232155
1456
429414808
79696
188489292
428362953
727512468
878124300
5212
900733285
66529768
246537844
479932997
896171401
938032339
98768643
189994254
692897488
304989470
562490129
329365798
298230117
4
4
246537844
149932590
65960564
304989470
571093312
76620920
884962846
332546323
264700134
433756
86398204
486505963
4054144
58497526
649689305
353332
947489713
160900302
799921050
514545174
705395247
770372648
553188721
688
976431464
264814420
136558924
642043240
1441408
541890605
767756525
657633282
827570634
43013286
465328710
49096416
907275182
4
716360020
428253125
6336412
856293340
996940666
