1
11
0
28
131
572
1355
2281
4325
7607
15745
20771
31365
38117
67161
98966
116789
159857
207190
242809
317149
384968
457551
554605
668299
819250
897865
1016741
1264693
1410453
1774427
1972107
2389909
2396616
2618768
3349976
3702380
4177976
4656269
5001409
5806044
6272989
6895962
7867056
8493323
9119159
10041180
10752139
12740478
12997368
14220060
13915117
16338322
19177641
18715485
21098002
23270030
24442196
27010301
29850073
31260792
33024252
35886574
37395005
39402933
42462048
43265035
46547043
50120860
53192262
57094583
59022175
62705612
68969944
74146638
73221391
76990166
82233587
88883597
95617045
99248472
105071497
108817743
117777340
117225884
120932565
2652033881
2799956783
2897000655
3096226401
3210926863
3334964134
3519051504
3626743930
3777307634
3986970790
4167425773
4344174947
4522321884
4723556621
4928639885
5076266630
