3429906254
2620500005
3068687504
2548656260
2766187508
3282500014
3873656258
2875687504
2913312510
3033375016
3589593766
3206406258
3955062516
3268750007
3768218758
2696968758
3874500005
3723937510
3265062508
2573937503
2526250007
2815625004
2256250006
2275281257
2587343756
3093593757
3272406258
2379125014
2852875008
2861625010
2027875008
2187343754
3210687514
1901843766
3359656256
2634875008
1165593754
2504531260
2153781264
2107437504
3908625016
1706406264
1820218760
3786406264
3008437506
4094750008
2670156254
3544562514
5189312516
2943656264
2238656255
2072437512
2837187516
3512062504
4585625006
3847468757
3191406262
4389781266
2569093753
3673250012
4158468755
3209343760
4186593766
2671156255
2692093754
3306187506
3067000010
2936718758
3722031266
1745531264
3687781266
3302156256
2326750006
4180125014
2217093758
4650625016
1772937514
2492562510
2887500016
3540031258
4315875005
2855031266
3510437510
3353187505
3304750008
3306875016
2755093760
3029062508
3664093757
3193968758
3137093758
3001593758
2583906256
2503906257
1906031262
3380906257
3907750008
3536875016
2762625005
2825625012
