0.00
5.07
4.13
39.50
0.00
8.54
104.58
303.00
931.36
2621.35
4185.42
7643.12
11216.00
20685.47
25238.26
35460.46
70210.86
87528.11
82424.03
126864.26
171188.31
255567.53
292372.47
353338.05
480111.92
556943.80
612952.64
682151.75
933052.75
1065328.26
1243996.14
1458626.99
1580461.96
1769546.34
2045873.02
2536520.02
2925530.06
3119401.32
3539874.14
3920211.85
4408409.92
4958225.25
5086294.16
6503561.85
6392463.63
7376876.23
8177885.40
8807487.33
9487882.77
11029382.11
11579276.10
12311845.59
12119659.59
13364275.51
14043332.72
14199116.66
14117029.69
14349199.90
13916794.15
14282540.99
13618961.58
13453789.75
14190868.54
14322820.89
14718193.61
15532988.09
15320254.15
15491180.25
16029571.73
14611233.35
15932396.46
17027845.51
17157275.31
18125144.65
18255901.88
17189611.93
16432087.89
18338888.27
17133010.89
19719504.61
19303965.33
19218196.97
18148629.41
18889787.06
19488051.22
20802856.99
19663519.18
20218244.05
433817367.03
436754911.55
443200923.68
437062178.24
448633273.33
465004275.93
467565824.13
454103169.23
472015788.27
484427682.89
485439763.81
482807032.21
486347656.74
496251711.78
492171499.29
502097060.17
