Case 1:
468043425
468043425
468043425
468043425
468043425
468043425
468043425
468043425
468043425
468043425
468043425
468043425
468043425
468043425
468043425
468043425
468043425
468043425
468043425
468043425
468043425
468043425
468043425
468043425
468043425
Case 2:
478993907
568107089
320044448
29341318
870346140
384370317
849477995
744122132
392455009
583772949
482333681
321067997
541144424
389902295
2930480
189567381
510879674
280301236
831866349
591581170
584409906
742318053
684518744
946506075
652471925
52413793
896830913
754712950
368107949
918887382
57289083
851527087
527028105
476413827
131253037
501142720
8210804
261857487
724024079
957149365
118256623
632092599
978576716
147624263
111529678
535863327
195273848
567068883
225806046
972844810
965808983
471443963
565527355
508591711
829279134
525847899
944444551
377571186
133735700
624237085
267217404
346254054
441954072
101864583
728833859
928380077
168054723
183878309
35758240
845856242
388919700
998817626
360467333
151118714
880898485
899817433
642446796
531431208
255195774
37962155
276138986
979284905
895728715
864470734
854961886
447797884
504087111
827823747
545812666
792469856
858868187
Case 3:
546238535
546238535
546238535
546238535
546238535
546238535
546238535
546238535
546238535
546238535
546238535
546238535
546238535
546238535
546238535
546238535
546238535
546238535
546238535
546238535
546238535
546238535
546238535
546238535
546238535
546238535
546238535
546238535
546238535
546238535
546238535
546238535
546238535
546238535
546238535
546238535
546238535
546238535
546238535
546238535
546238535
546238535
546238535
546238535
546238535
546238535
546238535
546238535
546238535
546238535
546238535
546238535
546238535
546238535
546238535
546238535
546238535
546238535
546238535
546238535
546238535
546238535
546238535
546238535
546238535
546238535
546238535
546238535
546238535
546238535
546238535
546238535
546238535
546238535
546238535
546238535
546238535
546238535
546238535
546238535
546238535
546238535
546238535
546238535
546238535
Case 4:
781948383
781948383
781948383
781948383
781948383
781948383
781948383
781948383
781948383
781948383
781948383
781948383
781948383
781948383
781948383
781948383
781948383
781948383
781948383
781948383
781948383
781948383
781948383
781948383
781948383
781948383
781948383
781948383
781948383
781948383
781948383
781948383
781948383
781948383
781948383
781948383
781948383
781948383
781948383
781948383
781948383
781948383
781948383
781948383
781948383
781948383
781948383
781948383
781948383
781948383
781948383
781948383
781948383
781948383
781948383
781948383
781948383
781948383
781948383
781948383
781948383
781948383
781948383
781948383
781948383
781948383
Case 5:
452274955
452274955
452274955
452274955
452274955
452274955
452274955
452274955
452274955
Case 6:
274596559
274596559
274596559
274596559
274596559
274596559
274596559
274596559
274596559
274596559
274596559
274596559
274596559
274596559
274596559
274596559
274596559
274596559
274596559
274596559
274596559
274596559
274596559
274596559
274596559
274596559
274596559
274596559
274596559
274596559
274596559
274596559
274596559
Case 7:
375191999
375191999
375191999
375191999
Case 8:
546384375
546384375
546384375
546384375
546384375
546384375
546384375
546384375
546384375
546384375
546384375
546384375
546384375
546384375
546384375
546384375
546384375
546384375
546384375
546384375
546384375
546384375
546384375
546384375
546384375
546384375
546384375
546384375
546384375
546384375
546384375
546384375
546384375
546384375
546384375
546384375
546384375
546384375
546384375
546384375
546384375
546384375
546384375
546384375
546384375
546384375
546384375
546384375
546384375
546384375
546384375
546384375
546384375
546384375
546384375
546384375
546384375
546384375
546384375
546384375
546384375
546384375
546384375
546384375
546384375
546384375
546384375
546384375
546384375
546384375
546384375
546384375
Case 9:
159662795
