Case 1: 0 0
Case 2: 1 1
Case 3: 1 1
Case 4: 1 1
Case 5: 0 0
Case 6: 43 3
Case 7: 45 3
Case 8: 18 2
Case 9: 8 3
Case 10: 45 3
Case 11: 0 0
Case 12: 26 2
Case 13: 0 0
Case 14: 27 2
Case 15: 0 0
Case 16: 5 1
Case 17: 33 3
Case 18: 0 0
Case 19: 0 0
Case 20: 45 2
Case 21: 31 2
Case 22: 1 1
Case 23: 5 1
Case 24: 2 1
Case 25: 452 5
Case 26: 943 10
Case 27: 288 3
Case 28: 559 6
Case 29: 393 4
Case 30: 9 2
Case 31: 435 5
Case 32: 355 4
Case 33: 616 7
Case 34: 550 6
Case 35: 879 9
Case 36: 485 5
Case 37: 621 7
Case 38: 198 3
Case 39: 761 8
Case 40: 242 3
Case 41: 919 10
Case 42: 170 2
Case 43: 154 2
Case 44: 366 4
Case 45: 31 2
Case 46: 226 3
Case 47: 346 4
Case 48: 798 9
Case 49: 713 8
Case 50: 656 7
Case 51: 419 12
Case 52: 854 9
Case 53: 457 5
Case 54: 397 5
Case 55: 356 4
Case 56: 32 2
Case 57: 661 7
Case 58: 901 10
Case 59: 846 9
Case 60: 852 9
Case 61: 56 2
Case 62: 577 6
Case 63: 445 5
Case 64: 456 5
Case 65: 259 3
Case 66: 806 18
Case 67: 654 7
Case 68: 801 9
Case 69: 167 2
Case 70: 312 4
Case 71: 700 8
Case 72: 356 4
Case 73: 749 8
Case 74: 934 10
Case 75: 953 2
Case 76: 960 2
Case 77: 853 2
Case 78: 320 2
Case 79: 186 3
Case 80: 979 2
Case 81: 688 2
Case 82: 985 2
Case 83: 89 2
Case 84: 639 2
Case 85: 628 2
Case 86: 368 2
Case 87: 22 2
Case 88: 387 2
Case 89: 499 2
Case 90: 798 2
Case 91: 883 2
Case 92: 223 2
Case 93: 234 2
Case 94: 981 2
Case 95: 745 2
Case 96: 578 2
Case 97: 877 2
Case 98: 761 2
Case 99: 756 2
Case 100: 440 2
Case 101: 353 2
Case 102: 253 2
Case 103: 186 2
Case 104: 201 2
