Case 1: 1 1 1
Case 2: 1 1 1
Case 3: 0 1 17
Case 4: 0 1 0
Case 5: 5635 1 4176
Case 6: 8446 1 1365
Case 7: 3229 1 5685
Case 8: 47009 1 2990
Case 9: 0 1 2
Case 10: 1 1 2
Case 11: 1 1 0
Case 12: 0 1 8
Case 13: 5 1 0
Case 14: 12903 1 1277
Case 15: 9598 1 15760
Case 16: 1194 1 6024
Case 17: 73688 1 26311
Case 18: 85109 1 14890
Case 19: 45528 1 54471
Case 20: 59085 1 40914
Case 21: 74585 1 25414
Case 22: 90326 1 9673
Case 23: 73331 1 26668
Case 24: 12703 1 87296
Case 25: 70064 1 29935
Case 26: 40606 1 59393
Case 27: 40746 1 59253
Case 28: 98310 1 1689
Case 29: 85639 1 14360
Case 30: 34644 1 65355
Case 31: 99588 1 411
Case 32: 57081 1 42918
Case 33: 90458 1 9541
Case 34: 78033 1 21966
Case 35: 85483 1 14516
Case 36: 92283 1 7716
Case 37: 40052 1 59947
Case 38: 88581 1 11418
Case 39: 81677 1 18322
Case 40: 18234 1 81765
Case 41: 59826 1 40173
Case 42: 84237 1 15762
Case 43: 52584 1 47415
Case 44: 85285 1 14714
Case 45: 85826 1 14173
Case 46: 46275 1 53724
Case 47: 76026 1 23973
Case 48: 89060 1 10939
Case 49: 68035 1 31964
Case 50: 21940 1 78059
